[debug] [2024-11-01T19:44:33.727Z] ----------------------------------------------------------------------
[debug] [2024-11-01T19:44:33.730Z] Command:       C:\Program Files\nodejs\node.exe C:\Users\COMPUTER WISA\AppData\Roaming\npm\node_modules\firebase-tools\lib\bin\firebase.js init hosting
[debug] [2024-11-01T19:44:33.730Z] CLI Version:   13.11.2
[debug] [2024-11-01T19:44:33.730Z] Platform:      win32
[debug] [2024-11-01T19:44:33.730Z] Node Version:  v22.3.0
[debug] [2024-11-01T19:44:33.731Z] Time:          Sat Nov 02 2024 02:44:33 GMT+0700 (Indochina Time)
[debug] [2024-11-01T19:44:33.731Z] ----------------------------------------------------------------------
[debug] 
[debug] [2024-11-01T19:44:33.734Z] >>> [apiv2][query] GET https://firebase-public.firebaseio.com/cli.json [none]
[debug] [2024-11-01T19:44:33.780Z] > command requires scopes: ["email","openid","https://www.googleapis.com/auth/cloudplatformprojects.readonly","https://www.googleapis.com/auth/firebase","https://www.googleapis.com/auth/cloud-platform"]
[debug] [2024-11-01T19:44:33.781Z] > authorizing via signed-in user (censonrandy@gmail.com)
[info] 
     ######## #### ########  ######## ########     ###     ######  ########
     ##        ##  ##     ## ##       ##     ##  ##   ##  ##       ##
     ######    ##  ########  ######   ########  #########  ######  ######
     ##        ##  ##    ##  ##       ##     ## ##     ##       ## ##
     ##       #### ##     ## ######## ########  ##     ##  ######  ########

You're about to initialize a Firebase project in this directory:

  C:\Users\COMPUTER WISA\Desktop\int_simple_1

[debug] [2024-11-01T19:44:34.330Z] <<< [apiv2][status] GET https://firebase-public.firebaseio.com/cli.json 200
[debug] [2024-11-01T19:44:34.330Z] <<< [apiv2][body] GET https://firebase-public.firebaseio.com/cli.json {"cloudBuildErrorAfter":1594252800000,"cloudBuildWarnAfter":1590019200000,"defaultNode10After":1594252800000,"minVersion":"3.0.5","node8DeploysDisabledAfter":1613390400000,"node8RuntimeDisabledAfter":1615809600000,"node8WarnAfter":1600128000000}
[info] 
=== Project Setup
[info] 
[info] First, let's associate this project directory with a Firebase project.
[info] You can create multiple project aliases by running firebase use --add, 
[info] but for now we'll just set up a default project.
[info] 
